<?xml version="1.0" encoding="UTF-8" ?>
<testsuite tests="5" failures="0" name="Operaciones.CalculadoraTest" time="2.018" errors="0" skipped="0">
  <properties>
[...]
</properties>
  <testcase classname="Operaciones.CalculadoraTest" name="testDiv" time="0.003"/>
  <testcase classname="Operaciones.CalculadoraTest" name="testSum" time="0"/>
  <testcase classname="Operaciones.CalculadoraTest" name="testAlgoritmoOptimo" time="2.015"/>
  <testcase classname="Operaciones.CalculadoraTest" name="testDivPorCero" time="0"/>
  <testcase classname="Operaciones.CalculadoraTest" name="testAnsSum" time="0"/>
</testsuite>